TN:
SF:script/AntiSandwichHook.s.sol
DA:40,0
FN:40,AntiSandwichHookScript.run
FNDA:0,AntiSandwichHookScript.run
DA:41,0
BRDA:41,0,0,-
BRDA:41,0,1,-
DA:44,0
DA:48,0
DA:49,0
DA:50,0
DA:52,0
DA:53,0
DA:54,0
DA:56,0
BRDA:56,1,0,-
BRDA:56,1,1,-
DA:58,0
DA:59,0
FNF:1
FNH:0
LF:12
LH:0
BRF:4
BRH:0
end_of_record
TN:
SF:script/PointsHook.s.sol
DA:8,0
FN:8,PointsHookScript.run
FNDA:0,PointsHookScript.run
DA:9,0
DA:11,0
FNF:1
FNH:0
LF:3
LH:0
BRF:0
BRH:0
end_of_record
TN:
SF:src/AntiSandwichHook.sol
DA:148,7
FN:148,AntiSandwichHook.getHookPermissions
FNDA:7,AntiSandwichHook.getHookPermissions
DA:149,7
DA:175,13
FN:175,AntiSandwichHook._beforeSwap
FNDA:13,AntiSandwichHook._beforeSwap
DA:180,13
DA:182,13
BRDA:182,0,0,8
DA:185,8
DA:195,13
DA:214,13
FN:214,AntiSandwichHook._afterSwap
FNDA:13,AntiSandwichHook._afterSwap
DA:219,13
DA:220,13
DA:225,13
BRDA:225,1,0,0
DA:226,0
DA:235,13
BRDA:235,2,0,9
DA:236,9
DA:242,4
DA:243,4
BRDA:243,3,0,0
DA:245,0
DA:252,4
DA:253,4
DA:255,4
BRDA:255,4,0,0
DA:257,0
DA:260,4
DA:261,4
DA:264,4
BRDA:264,5,0,0
DA:265,0
DA:270,4
DA:272,4
DA:276,4
DA:289,12
FN:289,AntiSandwichHook._getCurrentPrice
FNDA:12,AntiSandwichHook._getCurrentPrice
DA:290,12
DA:328,4
FN:328,AntiSandwichHook._deviationBps
FNDA:4,AntiSandwichHook._deviationBps
DA:329,4
BRDA:329,6,0,0
DA:331,4
DA:332,4
DA:333,4
BRDA:333,7,0,0
DA:335,4
DA:339,4
DA:350,4
FN:350,AntiSandwichHook._computeExcessAmount
FNDA:4,AntiSandwichHook._computeExcessAmount
DA:358,4
DA:359,4
DA:360,4
DA:361,4
DA:362,4
DA:364,4
DA:371,4
DA:374,4
DA:376,4
DA:378,4
DA:379,4
DA:382,4
BRDA:382,8,0,0
DA:385,4
DA:415,4
FN:415,AntiSandwichHook._sumAmountAcrossExcessBand
FNDA:4,AntiSandwichHook._sumAmountAcrossExcessBand
DA:420,4
DA:422,4
DA:423,4
DA:424,4
BRDA:424,9,0,0
DA:427,0
DA:430,4
DA:431,201
BRDA:431,10,0,201
DA:433,201
DA:436,201
DA:439,201
DA:441,201
DA:445,4
BRDA:445,11,0,4
DA:448,197
DA:449,197
DA:451,197
DA:452,197
DA:459,201
FN:459,AntiSandwichHook._amountForSegment
FNDA:201,AntiSandwichHook._amountForSegment
DA:465,201
DA:466,201
DA:472,12
FN:472,AntiSandwichHook._priceX96
FNDA:12,AntiSandwichHook._priceX96
DA:473,12
DA:479,4
FN:479,AntiSandwichHook._floorAlignedTick
FNDA:4,AntiSandwichHook._floorAlignedTick
DA:480,4
DA:481,4
BRDA:481,12,0,0
DA:482,4
DA:487,4
FN:487,AntiSandwichHook._sqrt
FNDA:4,AntiSandwichHook._sqrt
DA:488,4
BRDA:488,13,0,0
DA:489,4
DA:490,4
DA:491,216
DA:492,212
DA:493,212
DA:506,12
FN:506,AntiSandwichHook._isUnspecifiedCurrency1
FNDA:12,AntiSandwichHook._isUnspecifiedCurrency1
DA:507,12
DA:511,4
FN:511,AntiSandwichHook._unspecifiedAmountAbs
FNDA:4,AntiSandwichHook._unspecifiedAmountAbs
DA:512,4
DA:513,4
DA:528,4
FN:528,AntiSandwichHook._donateToPool
FNDA:4,AntiSandwichHook._donateToPool
DA:529,4
DA:530,4
BRDA:530,14,0,0
BRDA:530,14,1,4
DA:531,0
DA:533,4
DA:538,4
FN:538,AntiSandwichHook._abs128
FNDA:4,AntiSandwichHook._abs128
DA:539,4
FNF:15
FNH:15
LF:96
LH:90
BRF:16
BRH:5
end_of_record
TN:
SF:src/PointsHook.sol
DA:26,0
FN:26,PointsHook.getHookPermissions
FNDA:0,PointsHook.getHookPermissions
DA:32,0
DA:33,0
DA:52,0
FN:52,PointsHook.uri
FNDA:0,PointsHook.uri
DA:53,0
DA:60,0
FN:60,PointsHook._afterSwap
FNDA:0,PointsHook._afterSwap
DA:68,0
BRDA:68,0,0,-
DA:69,0
DA:76,0
BRDA:76,1,0,-
DA:77,0
DA:89,0
DA:90,0
DA:93,0
DA:96,0
DA:99,0
FN:99,PointsHook._assignPoints
FNDA:0,PointsHook._assignPoints
DA:105,0
BRDA:105,2,0,-
DA:108,0
DA:112,0
BRDA:112,3,0,-
DA:115,0
DA:116,0
FNF:4
FNH:0
LF:20
LH:0
BRF:4
BRH:0
end_of_record
